<?xml version="1.0" encoding="UTF-8"?>
<testsuite xmlns:xsi="http://www.w3.org/2001/XMLSchema-instance" xsi:noNamespaceSchemaLocation="https://maven.apache.org/surefire/maven-surefire-plugin/xsd/surefire-test-report.xsd" name="edu.udacity.java.nano.test.WebSocketChatServerTest" time="48.205" tests="4" errors="0" skipped="0" failures="0">
  <properties>
[...]
</properties>
  <testcase name="chatRoomLoginPage" classname="edu.udacity.java.nano.test.WebSocketChatServerTest" time="11.313"/>
  <testcase name="chatRoomSendMessage" classname="edu.udacity.java.nano.test.WebSocketChatServerTest" time="10.105"/>
  <testcase name="chatRoomExit" classname="edu.udacity.java.nano.test.WebSocketChatServerTest" time="7.853"/>
  <testcase name="chatRoomJoinedPage" classname="edu.udacity.java.nano.test.WebSocketChatServerTest" time="10.669"/>
</testsuite>